<?xml version="1.0" encoding="UTF-8"?>
<coverage generated="1522502731">
  <project timestamp="1522502731">
    <package name="phpbb\akismet\acp">
      <file name="/Users/senky/www/akismet/phpBB/ext/phpbb/akismet/acp/akismet_info.php">
        <class name="akismet_info" namespace="phpbb\akismet\acp" fullPackage="akismet">
          <metrics methods="1" coveredmethods="0" conditionals="0" coveredconditionals="0" statements="9" coveredstatements="0" elements="10" coveredelements="0"/>
        </class>
        <line num="14" type="method" name="module" crap="2" count="0"/>
        <line num="17" type="stmt" count="0"/>
        <line num="18" type="stmt" count="0"/>
        <line num="21" type="stmt" count="0"/>
        <line num="22" type="stmt" count="0"/>
        <line num="23" type="stmt" count="0"/>
        <line num="24" type="stmt" count="0"/>
        <line num="25" type="stmt" count="0"/>
        <line num="26" type="stmt" count="0"/>
        <line num="27" type="stmt" count="0"/>
        <metrics loc="29" ncloc="21" classes="1" methods="1" coveredmethods="0" conditionals="0" coveredconditionals="0" statements="9" coveredstatements="0" elements="10" coveredelements="0"/>
      </file>
      <file name="/Users/senky/www/akismet/phpBB/ext/phpbb/akismet/acp/akismet_module.php">
        <class name="akismet_module" namespace="phpbb\akismet\acp" fullPackage="akismet">
          <metrics methods="1" coveredmethods="0" conditionals="0" coveredconditionals="0" statements="9" coveredstatements="0" elements="10" coveredelements="0"/>
        </class>
        <line num="22" type="method" name="main" crap="2" count="0"/>
        <line num="24" type="stmt" count="0"/>
        <line num="27" type="stmt" count="0"/>
        <line num="28" type="stmt" count="0"/>
        <line num="31" type="stmt" count="0"/>
        <line num="32" type="stmt" count="0"/>
        <line num="34" type="stmt" count="0"/>
        <line num="35" type="stmt" count="0"/>
        <line num="37" type="stmt" count="0"/>
        <line num="38" type="stmt" count="0"/>
        <metrics loc="39" ncloc="23" classes="1" methods="1" coveredmethods="0" conditionals="0" coveredconditionals="0" statements="9" coveredstatements="0" elements="10" coveredelements="0"/>
      </file>
    </package>
    <package name="phpbb\akismet\controller">
      <file name="/Users/senky/www/akismet/phpBB/ext/phpbb/akismet/controller/admin_controller.php">
        <class name="admin_controller" namespace="phpbb\akismet\controller" fullPackage="admin">
          <metrics methods="5" coveredmethods="4" conditionals="0" coveredconditionals="0" statements="47" coveredstatements="45" elements="52" coveredelements="49"/>
        </class>
        <line num="65" type="method" name="__construct" crap="1" count="4"/>
        <line num="67" type="stmt" count="4"/>
        <line num="68" type="stmt" count="4"/>
        <line num="69" type="stmt" count="4"/>
        <line num="70" type="stmt" count="4"/>
        <line num="71" type="stmt" count="4"/>
        <line num="72" type="stmt" count="4"/>
        <line num="73" type="stmt" count="4"/>
        <line num="74" type="stmt" count="4"/>
        <line num="75" type="stmt" count="4"/>
        <line num="76" type="stmt" count="4"/>
        <line num="77" type="stmt" count="4"/>
        <line num="82" type="method" name="display_settings" crap="3.01" count="3"/>
        <line num="84" type="stmt" count="3"/>
        <line num="86" type="stmt" count="3"/>
        <line num="87" type="stmt" count="3"/>
        <line num="88" type="stmt" count="2"/>
        <line num="89" type="stmt" count="2"/>
        <line num="90" type="stmt" count="1"/>
        <line num="91" type="stmt" count="0"/>
        <line num="93" type="stmt" count="1"/>
        <line num="95" type="stmt" count="1"/>
        <line num="97" type="stmt" count="1"/>
        <line num="99" type="stmt" count="0"/>
        <line num="100" type="stmt" count="1"/>
        <line num="101" type="stmt" count="1"/>
        <line num="102" type="stmt" count="1"/>
        <line num="103" type="stmt" count="1"/>
        <line num="104" type="stmt" count="1"/>
        <line num="105" type="stmt" count="1"/>
        <line num="106" type="stmt" count="1"/>
        <line num="107" type="stmt" count="1"/>
        <line num="109" type="method" name="group_select_options" crap="4" count="1"/>
        <line num="114" type="stmt" count="1"/>
        <line num="115" type="stmt" count="1"/>
        <line num="116" type="stmt" count="1"/>
        <line num="118" type="stmt" count="1"/>
        <line num="120" type="stmt" count="1"/>
        <line num="122" type="stmt" count="1"/>
        <line num="123" type="stmt" count="1"/>
        <line num="124" type="stmt" count="1"/>
        <line num="125" type="stmt" count="1"/>
        <line num="127" type="stmt" count="1"/>
        <line num="133" type="method" name="save_settings" crap="1" count="1"/>
        <line num="135" type="stmt" count="1"/>
        <line num="136" type="stmt" count="1"/>
        <line num="137" type="stmt" count="1"/>
        <line num="138" type="stmt" count="1"/>
        <line num="139" type="stmt" count="1"/>
        <line num="145" type="method" name="set_action" crap="1" count="1"/>
        <line num="147" type="stmt" count="1"/>
        <line num="148" type="stmt" count="1"/>
        <metrics loc="149" ncloc="102" classes="1" methods="5" coveredmethods="4" conditionals="0" coveredconditionals="0" statements="47" coveredstatements="45" elements="52" coveredelements="49"/>
      </file>
    </package>
    <package name="phpbb\akismet\event">
      <file name="/Users/senky/www/akismet/phpBB/ext/phpbb/akismet/event/main_listener.php">
        <class name="main_listener" namespace="phpbb\akismet\event" fullPackage="main">
          <metrics methods="9" coveredmethods="7" conditionals="0" coveredconditionals="0" statements="159" coveredstatements="152" elements="168" coveredelements="159"/>
        </class>
        <line num="63" type="method" name="__construct" crap="1" count="29"/>
        <line num="65" type="stmt" count="29"/>
        <line num="66" type="stmt" count="29"/>
        <line num="67" type="stmt" count="29"/>
        <line num="68" type="stmt" count="29"/>
        <line num="69" type="stmt" count="29"/>
        <line num="70" type="stmt" count="29"/>
        <line num="71" type="stmt" count="29"/>
        <line num="72" type="stmt" count="29"/>
        <line num="73" type="stmt" count="29"/>
        <line num="75" type="method" name="getSubscribedEvents" crap="1" count="1"/>
        <line num="78" type="stmt" count="1"/>
        <line num="79" type="stmt" count="1"/>
        <line num="80" type="stmt" count="1"/>
        <line num="82" type="stmt" count="1"/>
        <line num="94" type="method" name="check_submitted_post" crap="7" count="6"/>
        <line num="98" type="stmt" count="6"/>
        <line num="99" type="stmt" count="6"/>
        <line num="100" type="stmt" count="6"/>
        <line num="101" type="stmt" count="6"/>
        <line num="102" type="stmt" count="6"/>
        <line num="105" type="stmt" count="2"/>
        <line num="108" type="stmt" count="2"/>
        <line num="109" type="stmt" count="2"/>
        <line num="112" type="stmt" count="2"/>
        <line num="113" type="stmt" count="2"/>
        <line num="114" type="stmt" count="1"/>
        <line num="115" type="stmt" count="1"/>
        <line num="118" type="stmt" count="1"/>
        <line num="121" type="stmt" count="2"/>
        <line num="122" type="stmt" count="2"/>
        <line num="123" type="stmt" count="6"/>
        <line num="124" type="stmt" count="6"/>
        <line num="131" type="method" name="check_new_user" crap="9.26" count="14"/>
        <line num="133" type="stmt" count="14"/>
        <line num="134" type="stmt" count="14"/>
        <line num="135" type="stmt" count="12"/>
        <line num="136" type="stmt" count="12"/>
        <line num="138" type="stmt" count="12"/>
        <line num="139" type="stmt" count="12"/>
        <line num="140" type="stmt" count="12"/>
        <line num="141" type="stmt" count="12"/>
        <line num="142" type="stmt" count="12"/>
        <line num="143" type="stmt" count="12"/>
        <line num="145" type="stmt" count="12"/>
        <line num="146" type="stmt" count="12"/>
        <line num="150" type="stmt" count="12"/>
        <line num="152" type="stmt" count="6"/>
        <line num="153" type="stmt" count="6"/>
        <line num="154" type="stmt" count="6"/>
        <line num="155" type="stmt" count="6"/>
        <line num="157" type="stmt" count="12"/>
        <line num="165" type="stmt" count="12"/>
        <line num="166" type="stmt" count="5"/>
        <line num="167" type="stmt" count="5"/>
        <line num="169" type="stmt" count="5"/>
        <line num="170" type="stmt" count="5"/>
        <line num="171" type="stmt" count="3"/>
        <line num="172" type="stmt" count="3"/>
        <line num="175" type="stmt" count="5"/>
        <line num="176" type="stmt" count="0"/>
        <line num="177" type="stmt" count="0"/>
        <line num="178" type="stmt" count="0"/>
        <line num="179" type="stmt" count="0"/>
        <line num="180" type="stmt" count="0"/>
        <line num="181" type="stmt" count="5"/>
        <line num="182" type="stmt" count="12"/>
        <line num="183" type="stmt" count="14"/>
        <line num="208" type="method" name="is_spam" crap="4" count="6"/>
        <line num="210" type="stmt" count="6"/>
        <line num="213" type="stmt" count="6"/>
        <line num="217" type="stmt" count="6"/>
        <line num="219" type="stmt" count="6"/>
        <line num="220" type="stmt" count="6"/>
        <line num="221" type="stmt" count="6"/>
        <line num="222" type="stmt" count="6"/>
        <line num="223" type="stmt" count="6"/>
        <line num="224" type="stmt" count="6"/>
        <line num="227" type="stmt" count="6"/>
        <line num="228" type="stmt" count="6"/>
        <line num="232" type="stmt" count="6"/>
        <line num="236" type="stmt" count="3"/>
        <line num="237" type="stmt" count="3"/>
        <line num="241" type="stmt" count="3"/>
        <line num="242" type="stmt" count="3"/>
        <line num="244" type="stmt" count="6"/>
        <line num="251" type="stmt" count="6"/>
        <line num="263" type="method" name="akismet_comment_check" crap="4" count="18"/>
        <line num="268" type="stmt" count="18"/>
        <line num="283" type="stmt" count="9"/>
        <line num="284" type="stmt" count="9"/>
        <line num="285" type="stmt" count="9"/>
        <line num="286" type="stmt" count="9"/>
        <line num="287" type="stmt" count="9"/>
        <line num="288" type="stmt" count="9"/>
        <line num="289" type="stmt" count="9"/>
        <line num="290" type="stmt" count="9"/>
        <line num="291" type="stmt" count="9"/>
        <line num="292" type="stmt" count="9"/>
        <line num="293" type="stmt" count="9"/>
        <line num="294" type="stmt" count="9"/>
        <line num="295" type="stmt" count="9"/>
        <line num="296" type="stmt" count="9"/>
        <line num="297" type="stmt" count="9"/>
        <line num="298" type="stmt" count="9"/>
        <line num="299" type="stmt" count="9"/>
        <line num="300" type="stmt" count="9"/>
        <line num="301" type="stmt" count="9"/>
        <line num="302" type="stmt" count="9"/>
        <line num="303" type="stmt" count="9"/>
        <line num="304" type="stmt" count="9"/>
        <line num="305" type="stmt" count="9"/>
        <line num="306" type="stmt" count="9"/>
        <line num="307" type="stmt" count="9"/>
        <line num="308" type="stmt" count="9"/>
        <line num="309" type="stmt" count="9"/>
        <line num="310" type="stmt" count="9"/>
        <line num="311" type="stmt" count="9"/>
        <line num="312" type="stmt" count="9"/>
        <line num="313" type="stmt" count="9"/>
        <line num="314" type="stmt" count="9"/>
        <line num="315" type="stmt" count="9"/>
        <line num="316" type="stmt" count="9"/>
        <line num="317" type="stmt" count="9"/>
        <line num="318" type="stmt" count="9"/>
        <line num="319" type="stmt" count="9"/>
        <line num="320" type="stmt" count="9"/>
        <line num="321" type="stmt" count="9"/>
        <line num="323" type="stmt" count="9"/>
        <line num="326" type="stmt" count="9"/>
        <line num="327" type="stmt" count="9"/>
        <line num="329" type="stmt" count="9"/>
        <line num="330" type="stmt" count="9"/>
        <line num="331" type="stmt" count="9"/>
        <line num="332" type="stmt" count="0"/>
        <line num="333" type="stmt" count="0"/>
        <line num="334" type="stmt" count="9"/>
        <line num="336" type="stmt" count="9"/>
        <line num="338" type="stmt" count="18"/>
        <line num="340" type="stmt" count="9"/>
        <line num="342" type="stmt" count="9"/>
        <line num="345" type="stmt" count="9"/>
        <line num="356" type="method" name="add_akismet_details_to_notification" crap="4" count="7"/>
        <line num="358" type="stmt" count="7"/>
        <line num="359" type="stmt" count="7"/>
        <line num="360" type="stmt" count="4"/>
        <line num="361" type="stmt" count="4"/>
        <line num="362" type="stmt" count="4"/>
        <line num="363" type="stmt" count="2"/>
        <line num="364" type="stmt" count="2"/>
        <line num="365" type="stmt" count="4"/>
        <line num="366" type="stmt" count="4"/>
        <line num="367" type="stmt" count="7"/>
        <line num="375" type="method" name="group_deleted" crap="3" count="2"/>
        <line num="377" type="stmt" count="2"/>
        <line num="378" type="stmt" count="2"/>
        <line num="379" type="stmt" count="1"/>
        <line num="380" type="stmt" count="1"/>
        <line num="381" type="stmt" count="1"/>
        <line num="383" type="stmt" count="2"/>
        <line num="384" type="stmt" count="2"/>
        <line num="385" type="stmt" count="1"/>
        <line num="386" type="stmt" count="1"/>
        <line num="387" type="stmt" count="1"/>
        <line num="388" type="stmt" count="2"/>
        <line num="390" type="method" name="log_disable_group_add" crap="1" count="2"/>
        <line num="392" type="stmt" count="2"/>
        <line num="393" type="stmt" count="2"/>
        <metrics loc="394" ncloc="233" classes="1" methods="9" coveredmethods="7" conditionals="0" coveredconditionals="0" statements="159" coveredstatements="152" elements="168" coveredelements="159"/>
      </file>
    </package>
    <package name="phpbb\akismet">
      <file name="/Users/senky/www/akismet/phpBB/ext/phpbb/akismet/ext.php">
        <class name="ext" namespace="phpbb\akismet">
          <metrics methods="3" coveredmethods="0" conditionals="0" coveredconditionals="0" statements="27" coveredstatements="0" elements="30" coveredelements="0"/>
        </class>
        <line num="39" type="method" name="enable_step" crap="12" count="0"/>
        <line num="43" type="stmt" count="0"/>
        <line num="45" type="stmt" count="0"/>
        <line num="46" type="stmt" count="0"/>
        <line num="48" type="stmt" count="0"/>
        <line num="49" type="stmt" count="0"/>
        <line num="50" type="stmt" count="0"/>
        <line num="52" type="stmt" count="0"/>
        <line num="54" type="stmt" count="0"/>
        <line num="56" type="stmt" count="0"/>
        <line num="66" type="method" name="disable_step" crap="12" count="0"/>
        <line num="70" type="stmt" count="0"/>
        <line num="72" type="stmt" count="0"/>
        <line num="73" type="stmt" count="0"/>
        <line num="75" type="stmt" count="0"/>
        <line num="76" type="stmt" count="0"/>
        <line num="77" type="stmt" count="0"/>
        <line num="79" type="stmt" count="0"/>
        <line num="81" type="stmt" count="0"/>
        <line num="83" type="stmt" count="0"/>
        <line num="93" type="method" name="purge_step" crap="12" count="0"/>
        <line num="97" type="stmt" count="0"/>
        <line num="99" type="stmt" count="0"/>
        <line num="100" type="stmt" count="0"/>
        <line num="102" type="stmt" count="0"/>
        <line num="103" type="stmt" count="0"/>
        <line num="104" type="stmt" count="0"/>
        <line num="106" type="stmt" count="0"/>
        <line num="108" type="stmt" count="0"/>
        <line num="110" type="stmt" count="0"/>
        <metrics loc="112" ncloc="56" classes="1" methods="3" coveredmethods="0" conditionals="0" coveredconditionals="0" statements="27" coveredstatements="0" elements="30" coveredelements="0"/>
      </file>
    </package>
    <package name="phpbb\akismet\notification\type">
      <file name="/Users/senky/www/akismet/phpBB/ext/phpbb/akismet/notification/type/post_in_queue.php">
        <class name="post_in_queue" namespace="phpbb\akismet\notification\type" fullPackage="post.in">
          <metrics methods="2" coveredmethods="0" conditionals="0" coveredconditionals="0" statements="2" coveredstatements="0" elements="4" coveredelements="0"/>
        </class>
        <line num="15" type="method" name="get_type" crap="2" count="0"/>
        <line num="17" type="stmt" count="0"/>
        <line num="25" type="method" name="get_email_template" crap="2" count="0"/>
        <line num="27" type="stmt" count="0"/>
        <metrics loc="29" ncloc="16" classes="1" methods="2" coveredmethods="0" conditionals="0" coveredconditionals="0" statements="2" coveredstatements="0" elements="4" coveredelements="0"/>
      </file>
      <file name="/Users/senky/www/akismet/phpBB/ext/phpbb/akismet/notification/type/topic_in_queue.php">
        <class name="topic_in_queue" namespace="phpbb\akismet\notification\type" fullPackage="topic.in">
          <metrics methods="2" coveredmethods="0" conditionals="0" coveredconditionals="0" statements="2" coveredstatements="0" elements="4" coveredelements="0"/>
        </class>
        <line num="15" type="method" name="get_type" crap="2" count="0"/>
        <line num="17" type="stmt" count="0"/>
        <line num="25" type="method" name="get_email_template" crap="2" count="0"/>
        <line num="27" type="stmt" count="0"/>
        <metrics loc="29" ncloc="16" classes="1" methods="2" coveredmethods="0" conditionals="0" coveredconditionals="0" statements="2" coveredstatements="0" elements="4" coveredelements="0"/>
      </file>
    </package>
    <package name="phpbb\akismet\utility">
      <file name="/Users/senky/www/akismet/phpBB/ext/phpbb/akismet/utility/akismet_factory.php">
        <class name="akismet_factory" namespace="phpbb\akismet\utility" fullPackage="akismet">
          <metrics methods="2" coveredmethods="2" conditionals="0" coveredconditionals="0" statements="13" coveredstatements="13" elements="15" coveredelements="15"/>
        </class>
        <line num="43" type="method" name="__construct" crap="2" count="2"/>
        <line num="45" type="stmt" count="2"/>
        <line num="46" type="stmt" count="2"/>
        <line num="47" type="stmt" count="2"/>
        <line num="49" type="stmt" count="2"/>
        <line num="50" type="stmt" count="2"/>
        <line num="51" type="stmt" count="1"/>
        <line num="52" type="stmt" count="1"/>
        <line num="53" type="stmt" count="2"/>
        <line num="55" type="method" name="createAkismet" crap="2" count="2"/>
        <line num="57" type="stmt" count="2"/>
        <line num="58" type="stmt" count="2"/>
        <line num="59" type="stmt" count="1"/>
        <line num="60" type="stmt" count="1"/>
        <line num="64" type="stmt" count="1"/>
        <metrics loc="67" ncloc="39" classes="1" methods="2" coveredmethods="2" conditionals="0" coveredconditionals="0" statements="13" coveredstatements="13" elements="15" coveredelements="15"/>
      </file>
    </package>
    <metrics files="8" loc="848" ncloc="506" classes="8" methods="25" coveredmethods="13" conditionals="0" coveredconditionals="0" statements="268" coveredstatements="210" elements="293" coveredelements="223"/>
  </project>
</coverage>
